<?xml version="1.0" encoding="UTF-8"?>
<!-- Generated by org.testng.reporters.JUnitReportReporter -->
<testsuite hostname="Soumya" failures="1" tests="16" name="com.Weberp.qa.testcases.ReceivablesPageTest" time="55.495" errors="0" timestamp="2025-08-22T12:38:12 AEST" skipped="0">
  <testcase classname="com.Weberp.qa.testcases.ReceivablesPageTest" name="testSelectOrderToInvoiceNavigation" time="5.299"/>
  <testcase classname="com.Weberp.qa.testcases.ReceivablesPageTest" name="testCreateCreditNoteNavigation" time="2.685"/>
  <testcase classname="com.Weberp.qa.testcases.ReceivablesPageTest" name="testEnterCustomerPaymentsNavigation" time="2.593"/>
  <testcase classname="com.Weberp.qa.testcases.ReceivablesPageTest" name="testAllocateCustomerPaymentsNavigation" time="2.629"/>
  <testcase classname="com.Weberp.qa.testcases.ReceivablesPageTest" name="testWhereAllocatedInquiryNavigation" time="2.713">
    <failure message="Did not navigate to Customer How Paid Inquiry page expected [true] but found [false]" type="java.lang.AssertionError">
      <![CDATA[java.lang.AssertionError: Did not navigate to Customer How Paid Inquiry page expected [true] but found [false]
at org.testng.Assert.fail(Assert.java:111)
at org.testng.Assert.failNotEquals(Assert.java:1590)
at org.testng.Assert.assertTrue(Assert.java:57)
at com.Weberp.qa.testcases.ReceivablesPageTest.testWhereAllocatedInquiryNavigation(ReceivablesPageTest.java:77)
at java.base/jdk.internal.reflect.DirectMethodHandleAccessor.invoke(DirectMethodHandleAccessor.java:104)
at java.base/java.lang.reflect.Method.invoke(Method.java:565)
at org.testng.internal.invokers.MethodInvocationHelper.invokeMethod(MethodInvocationHelper.java:141)
at org.testng.internal.invokers.TestInvoker.invokeMethod(TestInvoker.java:687)
at org.testng.internal.invokers.TestInvoker.invokeTestMethod(TestInvoker.java:230)
at org.testng.internal.invokers.MethodRunner.runInSequence(MethodRunner.java:63)
at org.testng.internal.invokers.TestInvoker$MethodInvocationAgent.invoke(TestInvoker.java:995)
at org.testng.internal.invokers.TestInvoker.invokeTestMethods(TestInvoker.java:203)
at org.testng.internal.invokers.TestMethodWorker.invokeTestMethods(TestMethodWorker.java:154)
at org.testng.internal.invokers.TestMethodWorker.run(TestMethodWorker.java:134)
at java.base/java.util.ArrayList.forEach(ArrayList.java:1604)
at org.testng.TestRunner.privateRun(TestRunner.java:741)
at org.testng.TestRunner.run(TestRunner.java:616)
at org.testng.SuiteRunner.runTest(SuiteRunner.java:421)
at org.testng.SuiteRunner.runSequentially(SuiteRunner.java:413)
at org.testng.SuiteRunner.privateRun(SuiteRunner.java:373)
at org.testng.SuiteRunner.run(SuiteRunner.java:312)
at org.testng.SuiteRunnerWorker.runSuite(SuiteRunnerWorker.java:52)
at org.testng.SuiteRunnerWorker.run(SuiteRunnerWorker.java:95)
at org.testng.TestNG.runSuitesSequentially(TestNG.java:1274)
at org.testng.TestNG.runSuitesLocally(TestNG.java:1208)
at org.testng.TestNG.runSuites(TestNG.java:1112)
at org.testng.TestNG.run(TestNG.java:1079)
at org.testng.remote.AbstractRemoteTestNG.run(AbstractRemoteTestNG.java:115)
at org.testng.remote.RemoteTestNG.initAndRun(RemoteTestNG.java:293)
at org.testng.remote.RemoteTestNG.main(RemoteTestNG.java:91)
]]>
    </failure>
  </testcase> <!-- testWhereAllocatedInquiryNavigation -->
  <testcase classname="com.Weberp.qa.testcases.ReceivablesPageTest" name="testPrintInvoicesOrCreditNotesNavigation" time="4.836"/>
  <testcase classname="com.Weberp.qa.testcases.ReceivablesPageTest" name="testPrintStatementsNavigation" time="3.145"/>
  <testcase classname="com.Weberp.qa.testcases.ReceivablesPageTest" name="testAgedCustomerBalancesOverdueReportNavigation" time="9.238"/>
  <testcase classname="com.Weberp.qa.testcases.ReceivablesPageTest" name="testReprintDepositListingNavigation" time="2.743"/>
  <testcase classname="com.Weberp.qa.testcases.ReceivablesPageTest" name="testDebtorBalancesAtPriorMonthEndNavigation" time="2.783"/>
  <testcase classname="com.Weberp.qa.testcases.ReceivablesPageTest" name="testCustomerListingByAreaSalespersonNavigation" time="3.288"/>
  <testcase classname="com.Weberp.qa.testcases.ReceivablesPageTest" name="testListDailyTransactionsNavigation" time="2.599"/>
  <testcase classname="com.Weberp.qa.testcases.ReceivablesPageTest" name="testCustomerTransactionInquiriesNavigation" time="3.003"/>
  <testcase classname="com.Weberp.qa.testcases.ReceivablesPageTest" name="testCustomerActivityBalancesNavigation" time="2.604"/>
  <testcase classname="com.Weberp.qa.testcases.ReceivablesPageTest" name="testAddCustomerNavigation" time="2.754"/>
  <testcase classname="com.Weberp.qa.testcases.ReceivablesPageTest" name="testSelectCustomerNavigation" time="2.583"/>
</testsuite> <!-- com.Weberp.qa.testcases.ReceivablesPageTest -->
